[2025-10-12T15:26:40.561+0000] {local_task_job_runner.py:120} INFO - ::group::Pre task execution logs
[2025-10-12T15:26:40.587+0000] {taskinstance.py:2076} INFO - Dependencies all met for dep_context=non-requeueable deps ti=<TaskInstance: train_knn.load_data_meta manual__2025-10-12T15:26:36.242743+00:00 [queued]>
[2025-10-12T15:26:40.597+0000] {taskinstance.py:2076} INFO - Dependencies all met for dep_context=requeueable deps ti=<TaskInstance: train_knn.load_data_meta manual__2025-10-12T15:26:36.242743+00:00 [queued]>
[2025-10-12T15:26:40.598+0000] {taskinstance.py:2306} INFO - Starting attempt 1 of 1
[2025-10-12T15:26:40.615+0000] {taskinstance.py:2330} INFO - Executing <Task(_PythonDecoratedOperator): load_data_meta> on 2025-10-12 15:26:36.242743+00:00
[2025-10-12T15:26:40.628+0000] {warnings.py:112} WARNING - /home/***/.local/lib/python3.12/site-packages/***/task/task_runner/standard_task_runner.py:61: DeprecationWarning: This process (pid=297) is multi-threaded, use of fork() may lead to deadlocks in the child.
  pid = os.fork()

[2025-10-12T15:26:40.630+0000] {standard_task_runner.py:63} INFO - Started process 310 to run task
[2025-10-12T15:26:40.631+0000] {standard_task_runner.py:90} INFO - Running: ['***', 'tasks', 'run', 'train_knn', 'load_data_meta', 'manual__2025-10-12T15:26:36.242743+00:00', '--job-id', '25', '--raw', '--subdir', 'DAGS_FOLDER/entrenamiento_knn.py', '--cfg-path', '/tmp/tmpvpisaf6q']
[2025-10-12T15:26:40.632+0000] {standard_task_runner.py:91} INFO - Job 25: Subtask load_data_meta
[2025-10-12T15:26:40.687+0000] {task_command.py:426} INFO - Running <TaskInstance: train_knn.load_data_meta manual__2025-10-12T15:26:36.242743+00:00 [running]> on host 7920bc5e4faa
[2025-10-12T15:26:40.796+0000] {taskinstance.py:2648} INFO - Exporting env vars: AIRFLOW_CTX_DAG_OWNER='***' AIRFLOW_CTX_DAG_ID='train_knn' AIRFLOW_CTX_TASK_ID='load_data_meta' AIRFLOW_CTX_EXECUTION_DATE='2025-10-12T15:26:36.242743+00:00' AIRFLOW_CTX_TRY_NUMBER='1' AIRFLOW_CTX_DAG_RUN_ID='manual__2025-10-12T15:26:36.242743+00:00'
[2025-10-12T15:26:40.799+0000] {taskinstance.py:430} INFO - ::endgroup::
[2025-10-12T15:26:40.816+0000] {entrenamiento_knn.py:84} INFO - Datos disponibles en MinIO (bucket=processed): {'X_train': 'X_train.csv', 'y_train': 'y_train.csv', 'X_test': 'X_test.csv', 'y_test': 'y_test.csv'}
[2025-10-12T15:26:40.816+0000] {python.py:237} INFO - Done. Returned value was: {'bucket': 'processed', 'keys': {'X_train': 'X_train.csv', 'y_train': 'y_train.csv', 'X_test': 'X_test.csv', 'y_test': 'y_test.csv'}}
[2025-10-12T15:26:40.817+0000] {taskinstance.py:441} INFO - ::group::Post task execution logs
[2025-10-12T15:26:40.852+0000] {taskinstance.py:1206} INFO - Marking task as SUCCESS. dag_id=train_knn, task_id=load_data_meta, run_id=manual__2025-10-12T15:26:36.242743+00:00, execution_date=20251012T152636, start_date=20251012T152640, end_date=20251012T152640
[2025-10-12T15:26:40.885+0000] {local_task_job_runner.py:240} INFO - Task exited with return code 0
[2025-10-12T15:26:40.909+0000] {taskinstance.py:3503} INFO - 1 downstream tasks scheduled from follow-on schedule check
[2025-10-12T15:26:40.912+0000] {local_task_job_runner.py:222} INFO - ::endgroup::
