[2025-10-12T15:27:09.890+0000] {local_task_job_runner.py:120} INFO - ::group::Pre task execution logs
[2025-10-12T15:27:09.917+0000] {taskinstance.py:2076} INFO - Dependencies all met for dep_context=non-requeueable deps ti=<TaskInstance: train_svm.load_data_meta manual__2025-10-12T15:27:05.082786+00:00 [queued]>
[2025-10-12T15:27:09.928+0000] {taskinstance.py:2076} INFO - Dependencies all met for dep_context=requeueable deps ti=<TaskInstance: train_svm.load_data_meta manual__2025-10-12T15:27:05.082786+00:00 [queued]>
[2025-10-12T15:27:09.929+0000] {taskinstance.py:2306} INFO - Starting attempt 1 of 1
[2025-10-12T15:27:09.947+0000] {taskinstance.py:2330} INFO - Executing <Task(_PythonDecoratedOperator): load_data_meta> on 2025-10-12 15:27:05.082786+00:00
[2025-10-12T15:27:09.961+0000] {warnings.py:112} WARNING - /home/***/.local/lib/python3.12/site-packages/***/task/task_runner/standard_task_runner.py:61: DeprecationWarning: This process (pid=411) is multi-threaded, use of fork() may lead to deadlocks in the child.
  pid = os.fork()

[2025-10-12T15:27:09.962+0000] {standard_task_runner.py:63} INFO - Started process 434 to run task
[2025-10-12T15:27:09.963+0000] {standard_task_runner.py:90} INFO - Running: ['***', 'tasks', 'run', 'train_svm', 'load_data_meta', 'manual__2025-10-12T15:27:05.082786+00:00', '--job-id', '29', '--raw', '--subdir', 'DAGS_FOLDER/entrenamiento_svm.py', '--cfg-path', '/tmp/tmpluzeedbd']
[2025-10-12T15:27:09.964+0000] {standard_task_runner.py:91} INFO - Job 29: Subtask load_data_meta
[2025-10-12T15:27:10.024+0000] {task_command.py:426} INFO - Running <TaskInstance: train_svm.load_data_meta manual__2025-10-12T15:27:05.082786+00:00 [running]> on host 7920bc5e4faa
[2025-10-12T15:27:10.134+0000] {taskinstance.py:2648} INFO - Exporting env vars: AIRFLOW_CTX_DAG_OWNER='***' AIRFLOW_CTX_DAG_ID='train_svm' AIRFLOW_CTX_TASK_ID='load_data_meta' AIRFLOW_CTX_EXECUTION_DATE='2025-10-12T15:27:05.082786+00:00' AIRFLOW_CTX_TRY_NUMBER='1' AIRFLOW_CTX_DAG_RUN_ID='manual__2025-10-12T15:27:05.082786+00:00'
[2025-10-12T15:27:10.137+0000] {taskinstance.py:430} INFO - ::endgroup::
[2025-10-12T15:27:10.154+0000] {entrenamiento_svm.py:73} INFO - Datos disponibles en MinIO (bucket=processed): {'X_train': 'X_train.csv', 'y_train': 'y_train.csv', 'X_test': 'X_test.csv', 'y_test': 'y_test.csv'}
[2025-10-12T15:27:10.154+0000] {python.py:237} INFO - Done. Returned value was: {'bucket': 'processed', 'keys': {'X_train': 'X_train.csv', 'y_train': 'y_train.csv', 'X_test': 'X_test.csv', 'y_test': 'y_test.csv'}}
[2025-10-12T15:27:10.155+0000] {taskinstance.py:441} INFO - ::group::Post task execution logs
[2025-10-12T15:27:10.194+0000] {taskinstance.py:1206} INFO - Marking task as SUCCESS. dag_id=train_svm, task_id=load_data_meta, run_id=manual__2025-10-12T15:27:05.082786+00:00, execution_date=20251012T152705, start_date=20251012T152709, end_date=20251012T152710
[2025-10-12T15:27:10.257+0000] {local_task_job_runner.py:240} INFO - Task exited with return code 0
[2025-10-12T15:27:10.287+0000] {taskinstance.py:3503} INFO - 1 downstream tasks scheduled from follow-on schedule check
[2025-10-12T15:27:10.290+0000] {local_task_job_runner.py:222} INFO - ::endgroup::
